<?xml version="1.0" encoding="UTF-8"?>
<testng-results skipped="0" failed="0" total="0" passed="0">
  <reporter-output>
  </reporter-output>
  <suite name="Default suite" duration-ms="37" started-at="2022-02-09T15:41:26Z" finished-at="2022-02-09T15:41:27Z">
    <groups>
    </groups>
    <test name="Default test" duration-ms="37" started-at="2022-02-09T15:41:26Z" finished-at="2022-02-09T15:41:27Z">
      <class name="tests._toExplore">
        <test-method status="PASS" signature="intitateBrowser()[pri:0, instance:tests._toExplore@56cbfb61]" name="intitateBrowser" is-config="true" duration-ms="25" started-at="2022-02-09T21:11:26Z" finished-at="2022-02-09T21:11:27Z">
          <reporter-output>
          </reporter-output>
        </test-method> <!-- intitateBrowser -->
      </class> <!-- tests._toExplore -->
    </test> <!-- Default test -->
  </suite> <!-- Default suite -->
</testng-results>
