<?xml version="1.0" encoding="UTF-8"?>
<testng-results skipped="0" failed="0" total="2" passed="2">
  <reporter-output>
  </reporter-output>
  <suite name="Default suite" duration-ms="50185" started-at="2020-07-07T14:03:24Z" finished-at="2020-07-07T14:04:15Z">
    <groups>
    </groups>
    <test name="Default test" duration-ms="50185" started-at="2020-07-07T14:03:24Z" finished-at="2020-07-07T14:04:15Z">
      <class name="tests._mvpTest">
        <test-method status="PASS" signature="openBrowser()[pri:0, instance:tests._mvpTest@48140564]" name="openBrowser" is-config="true" duration-ms="16282" started-at="2020-07-07T19:33:24Z" finished-at="2020-07-07T19:33:41Z">
          <reporter-output>
          </reporter-output>
        </test-method> <!-- openBrowser -->
        <test-method status="PASS" signature="login()[pri:0, instance:tests._mvpTest@48140564]" name="login" is-config="true" duration-ms="7881" started-at="2020-07-07T19:33:41Z" depends-on-methods="pageUtilities._base.openBrowser" finished-at="2020-07-07T19:33:49Z">
          <reporter-output>
          </reporter-output>
        </test-method> <!-- login -->
        <test-method status="PASS" signature="marketOverview()[pri:2, instance:tests._mvpTest@48140564]" name="marketOverview" duration-ms="11924" started-at="2020-07-07T19:33:49Z" finished-at="2020-07-07T19:34:01Z">
          <reporter-output>
          </reporter-output>
        </test-method> <!-- marketOverview -->
        <test-method status="PASS" signature="createLog(org.testng.ITestResult)[pri:0, instance:tests._mvpTest@48140564]" name="createLog" is-config="true" duration-ms="752" started-at="2020-07-07T19:34:01Z" finished-at="2020-07-07T19:34:01Z">
          <params>
            <param index="0">
              <value>
                <![CDATA[[TestResult name=marketOverview status=SUCCESS method=_mvpTest.marketOverview()[pri:2, instance:tests._mvpTest@48140564] output={null}]]]>
              </value>
            </param>
          </params>
          <reporter-output>
          </reporter-output>
        </test-method> <!-- createLog -->
        <test-method status="PASS" signature="executiveSummary()[pri:4, instance:tests._mvpTest@48140564]" name="executiveSummary" duration-ms="12001" started-at="2020-07-07T19:34:01Z" depends-on-methods="tests._mvpTest.marketOverview" finished-at="2020-07-07T19:34:13Z">
          <reporter-output>
          </reporter-output>
        </test-method> <!-- executiveSummary -->
        <test-method status="PASS" signature="createLog(org.testng.ITestResult)[pri:0, instance:tests._mvpTest@48140564]" name="createLog" is-config="true" duration-ms="157" started-at="2020-07-07T19:34:13Z" finished-at="2020-07-07T19:34:13Z">
          <params>
            <param index="0">
              <value>
                <![CDATA[[TestResult name=executiveSummary status=SUCCESS method=_mvpTest.executiveSummary()[pri:4, instance:tests._mvpTest@48140564] output={null}]]]>
              </value>
            </param>
          </params>
          <reporter-output>
          </reporter-output>
        </test-method> <!-- createLog -->
        <test-method status="PASS" signature="closeInstance()[pri:0, instance:tests._mvpTest@48140564]" name="closeInstance" is-config="true" duration-ms="976" started-at="2020-07-07T19:34:13Z" finished-at="2020-07-07T19:34:14Z">
          <reporter-output>
          </reporter-output>
        </test-method> <!-- closeInstance -->
        <test-method status="PASS" signature="tearDown()[pri:0, instance:tests._mvpTest@48140564]" name="tearDown" is-config="true" duration-ms="179" started-at="2020-07-07T19:34:14Z" depends-on-methods="tests._mvpTest.closeInstance" finished-at="2020-07-07T19:34:15Z">
          <reporter-output>
          </reporter-output>
        </test-method> <!-- tearDown -->
      </class> <!-- tests._mvpTest -->
    </test> <!-- Default test -->
  </suite> <!-- Default suite -->
</testng-results>
